#! /usr/local/bin/vvp
:ivl_version "13.0 (devel)" "(s20221226-533-g676b36e45)";
:ivl_delay_selection "TYPICAL";
:vpi_time_precision + 0;
:vpi_module "/usr/local/lib/ivl/system.vpi";
:vpi_module "/usr/local/lib/ivl/vhdl_sys.vpi";
:vpi_module "/usr/local/lib/ivl/vhdl_textio.vpi";
:vpi_module "/usr/local/lib/ivl/v2005_math.vpi";
:vpi_module "/usr/local/lib/ivl/va_math.vpi";
S_0x562e3bcb5e80 .scope module, "CPU" "CPU" 2 32;
 .timescale 0 0;
    .port_info 0 /INPUT 1 "clk";
    .port_info 1 /INPUT 1 "rst_n";
    .port_info 2 /INPUT 4 "bus_data_in";
    .port_info 3 /OUTPUT 1 "bus_data_rw";
    .port_info 4 /OUTPUT 4 "bus_data_out";
    .port_info 5 /OUTPUT 12 "bus_addr";
v0x562e3bd477a0_0 .var "alu_a", 3 0;
v0x562e3bd47880_0 .var "alu_b", 3 0;
v0x562e3bd47920_0 .net "alu_f", 3 0, v0x562e3bd47420_0;  1 drivers
v0x562e3bd479c0_0 .var "alu_mode", 3 0;
v0x562e3bd47a60_0 .net "alu_o", 3 0, v0x562e3bd471a0_0;  1 drivers
v0x562e3bd47b00_0 .net "arg1", 2 0, L_0x562e3bd48be0;  1 drivers
v0x562e3bd47ba0_0 .net "arg2", 2 0, L_0x562e3bd48c80;  1 drivers
v0x562e3bd47c80_0 .var "bus_addr", 11 0;
o0x7f2a1124d648 .functor BUFZ 4, c4<zzzz>; HiZ drive
v0x562e3bd47d60_0 .net "bus_data_in", 3 0, o0x7f2a1124d648;  0 drivers
v0x562e3bd47e40_0 .var "bus_data_out", 3 0;
v0x562e3bd47f20_0 .var "bus_data_rw", 0 0;
o0x7f2a1124d6d8 .functor BUFZ 1, c4<z>; HiZ drive
v0x562e3bd47fe0_0 .net "clk", 0 0, o0x7f2a1124d6d8;  0 drivers
v0x562e3bd480a0_0 .var "fetch_state", 3 0;
v0x562e3bd48180_0 .net "opcode", 3 0, L_0x562e3bd48a10;  1 drivers
v0x562e3bd48260_0 .net "option", 1 0, L_0x562e3bd48b10;  1 drivers
v0x562e3bd48340_0 .var "program_counter", 11 0;
v0x562e3bd48420 .array "reg_bank", 6 0, 3 0;
v0x562e3bd486d0_0 .var "reg_instruction", 11 0;
o0x7f2a1124d948 .functor BUFZ 1, c4<z>; HiZ drive
v0x562e3bd487b0_0 .net "rst_n", 0 0, o0x7f2a1124d948;  0 drivers
v0x562e3bd48870_0 .var "state", 3 0;
E_0x562e3bcc7310 .event posedge, v0x562e3bd47fe0_0;
L_0x562e3bd48a10 .part v0x562e3bd486d0_0, 8, 4;
L_0x562e3bd48b10 .part v0x562e3bd486d0_0, 6, 2;
L_0x562e3bd48be0 .part v0x562e3bd486d0_0, 3, 3;
L_0x562e3bd48c80 .part v0x562e3bd486d0_0, 0, 3;
v0x562e3bd48420_3 .array/port v0x562e3bd48420, 3;
L_0x562e3bd49ae0 .part v0x562e3bd48420_3, 0, 1;
L_0x562e3bd49b80 .part v0x562e3bd48420_3, 1, 1;
S_0x562e3bccbb70 .scope module, "alu" "ALU" 2 66, 3 5 0, S_0x562e3bcb5e80;
 .timescale 0 0;
    .port_info 0 /INPUT 4 "a";
    .port_info 1 /INPUT 4 "b";
    .port_info 2 /INPUT 4 "mode";
    .port_info 3 /INPUT 1 "carry_f";
    .port_info 4 /INPUT 1 "borrow_f";
    .port_info 5 /OUTPUT 4 "c";
    .port_info 6 /OUTPUT 4 "flags";
v0x562e3bccbe40_0 .net *"_ivl_0", 4 0, L_0x562e3bd48d80;  1 drivers
L_0x7f2a112040a8 .functor BUFT 1, C4<0000>, C4<0>, C4<0>, C4<0>;
v0x562e3bd46280_0 .net/2u *"_ivl_10", 3 0, L_0x7f2a112040a8;  1 drivers
v0x562e3bd46360_0 .net *"_ivl_12", 4 0, L_0x562e3bd49190;  1 drivers
v0x562e3bd46420_0 .net *"_ivl_16", 4 0, L_0x562e3bd49450;  1 drivers
L_0x7f2a112040f0 .functor BUFT 1, C4<0>, C4<0>, C4<0>, C4<0>;
v0x562e3bd46500_0 .net *"_ivl_19", 0 0, L_0x7f2a112040f0;  1 drivers
v0x562e3bd46630_0 .net *"_ivl_20", 4 0, L_0x562e3bd49580;  1 drivers
L_0x7f2a11204138 .functor BUFT 1, C4<0>, C4<0>, C4<0>, C4<0>;
v0x562e3bd46710_0 .net *"_ivl_23", 0 0, L_0x7f2a11204138;  1 drivers
v0x562e3bd467f0_0 .net *"_ivl_24", 4 0, L_0x562e3bd496c0;  1 drivers
L_0x7f2a11204180 .functor BUFT 1, C4<0000>, C4<0>, C4<0>, C4<0>;
v0x562e3bd468d0_0 .net/2u *"_ivl_26", 3 0, L_0x7f2a11204180;  1 drivers
v0x562e3bd469b0_0 .net *"_ivl_28", 4 0, L_0x562e3bd49850;  1 drivers
L_0x7f2a11204018 .functor BUFT 1, C4<0>, C4<0>, C4<0>, C4<0>;
v0x562e3bd46a90_0 .net *"_ivl_3", 0 0, L_0x7f2a11204018;  1 drivers
v0x562e3bd46b70_0 .net *"_ivl_4", 4 0, L_0x562e3bd48ea0;  1 drivers
L_0x7f2a11204060 .functor BUFT 1, C4<0>, C4<0>, C4<0>, C4<0>;
v0x562e3bd46c50_0 .net *"_ivl_7", 0 0, L_0x7f2a11204060;  1 drivers
v0x562e3bd46d30_0 .net *"_ivl_8", 4 0, L_0x562e3bd48fe0;  1 drivers
v0x562e3bd46e10_0 .net "a", 3 0, v0x562e3bd477a0_0;  1 drivers
v0x562e3bd46ef0_0 .net "b", 3 0, v0x562e3bd47880_0;  1 drivers
v0x562e3bd46fd0_0 .net "borrow_f", 0 0, L_0x562e3bd49b80;  1 drivers
v0x562e3bd471a0_0 .var "c", 3 0;
v0x562e3bd47280_0 .net "carry_f", 0 0, L_0x562e3bd49ae0;  1 drivers
v0x562e3bd47340_0 .net "diff", 4 0, L_0x562e3bd49940;  1 drivers
v0x562e3bd47420_0 .var "flags", 3 0;
v0x562e3bd47500_0 .net "mode", 3 0, v0x562e3bd479c0_0;  1 drivers
v0x562e3bd475e0_0 .net "sum", 4 0, L_0x562e3bd49310;  1 drivers
E_0x562e3bcb0cc0/0 .event anyedge, v0x562e3bd47500_0, v0x562e3bd475e0_0, v0x562e3bd47340_0, v0x562e3bd46e10_0;
E_0x562e3bcb0cc0/1 .event anyedge, v0x562e3bd46ef0_0, v0x562e3bd471a0_0;
E_0x562e3bcb0cc0 .event/or E_0x562e3bcb0cc0/0, E_0x562e3bcb0cc0/1;
L_0x562e3bd48d80 .concat [ 4 1 0 0], v0x562e3bd477a0_0, L_0x7f2a11204018;
L_0x562e3bd48ea0 .concat [ 4 1 0 0], v0x562e3bd47880_0, L_0x7f2a11204060;
L_0x562e3bd48fe0 .arith/sum 5, L_0x562e3bd48d80, L_0x562e3bd48ea0;
L_0x562e3bd49190 .concat [ 1 4 0 0], L_0x562e3bd49ae0, L_0x7f2a112040a8;
L_0x562e3bd49310 .arith/sum 5, L_0x562e3bd48fe0, L_0x562e3bd49190;
L_0x562e3bd49450 .concat [ 4 1 0 0], v0x562e3bd477a0_0, L_0x7f2a112040f0;
L_0x562e3bd49580 .concat [ 4 1 0 0], v0x562e3bd47880_0, L_0x7f2a11204138;
L_0x562e3bd496c0 .arith/sub 5, L_0x562e3bd49450, L_0x562e3bd49580;
L_0x562e3bd49850 .concat [ 1 4 0 0], L_0x562e3bd49b80, L_0x7f2a11204180;
L_0x562e3bd49940 .arith/sub 5, L_0x562e3bd496c0, L_0x562e3bd49850;
    .scope S_0x562e3bccbb70;
T_0 ;
    %wait E_0x562e3bcb0cc0;
    %load/vec4 v0x562e3bd47500_0;
    %dup/vec4;
    %pushi/vec4 0, 0, 4;
    %cmp/u;
    %jmp/1 T_0.0, 6;
    %dup/vec4;
    %pushi/vec4 1, 0, 4;
    %cmp/u;
    %jmp/1 T_0.1, 6;
    %dup/vec4;
    %pushi/vec4 2, 0, 4;
    %cmp/u;
    %jmp/1 T_0.2, 6;
    %dup/vec4;
    %pushi/vec4 3, 0, 4;
    %cmp/u;
    %jmp/1 T_0.3, 6;
    %dup/vec4;
    %pushi/vec4 4, 0, 4;
    %cmp/u;
    %jmp/1 T_0.4, 6;
    %dup/vec4;
    %pushi/vec4 5, 0, 4;
    %cmp/u;
    %jmp/1 T_0.5, 6;
    %dup/vec4;
    %pushi/vec4 6, 0, 4;
    %cmp/u;
    %jmp/1 T_0.6, 6;
    %dup/vec4;
    %pushi/vec4 7, 0, 4;
    %cmp/u;
    %jmp/1 T_0.7, 6;
    %dup/vec4;
    %pushi/vec4 8, 0, 4;
    %cmp/u;
    %jmp/1 T_0.8, 6;
    %dup/vec4;
    %pushi/vec4 9, 0, 4;
    %cmp/u;
    %jmp/1 T_0.9, 6;
    %dup/vec4;
    %pushi/vec4 10, 0, 4;
    %cmp/u;
    %jmp/1 T_0.10, 6;
    %dup/vec4;
    %pushi/vec4 11, 0, 4;
    %cmp/u;
    %jmp/1 T_0.11, 6;
    %pushi/vec4 0, 0, 4;
    %assign/vec4 v0x562e3bd471a0_0, 0;
    %jmp T_0.13;
T_0.0 ;
    %load/vec4 v0x562e3bd475e0_0;
    %parti/s 4, 0, 2;
    %assign/vec4 v0x562e3bd471a0_0, 0;
    %jmp T_0.13;
T_0.1 ;
    %load/vec4 v0x562e3bd475e0_0;
    %split/vec4 4;
    %assign/vec4 v0x562e3bd471a0_0, 0;
    %ix/load 4, 0, 0;
    %ix/load 5, 0, 0;
    %flag_set/imm 4, 0;
    %assign/vec4/off/d v0x562e3bd47420_0, 4, 5;
    %jmp T_0.13;
T_0.2 ;
    %load/vec4 v0x562e3bd47340_0;
    %parti/s 4, 0, 2;
    %assign/vec4 v0x562e3bd471a0_0, 0;
    %jmp T_0.13;
T_0.3 ;
    %load/vec4 v0x562e3bd47340_0;
    %split/vec4 4;
    %assign/vec4 v0x562e3bd471a0_0, 0;
    %ix/load 4, 1, 0;
    %ix/load 5, 0, 0;
    %flag_set/imm 4, 0;
    %assign/vec4/off/d v0x562e3bd47420_0, 4, 5;
    %jmp T_0.13;
T_0.4 ;
    %load/vec4 v0x562e3bd46e10_0;
    %ix/load 4, 1, 0;
    %flag_set/imm 4, 0;
    %shiftl 4;
    %assign/vec4 v0x562e3bd471a0_0, 0;
    %jmp T_0.13;
T_0.5 ;
    %load/vec4 v0x562e3bd46e10_0;
    %ix/load 4, 1, 0;
    %flag_set/imm 4, 0;
    %shiftr 4;
    %assign/vec4 v0x562e3bd471a0_0, 0;
    %jmp T_0.13;
T_0.6 ;
    %load/vec4 v0x562e3bd46e10_0;
    %load/vec4 v0x562e3bd46ef0_0;
    %and;
    %assign/vec4 v0x562e3bd471a0_0, 0;
    %jmp T_0.13;
T_0.7 ;
    %load/vec4 v0x562e3bd46e10_0;
    %load/vec4 v0x562e3bd46ef0_0;
    %or;
    %assign/vec4 v0x562e3bd471a0_0, 0;
    %jmp T_0.13;
T_0.8 ;
    %load/vec4 v0x562e3bd46e10_0;
    %inv;
    %assign/vec4 v0x562e3bd471a0_0, 0;
    %jmp T_0.13;
T_0.9 ;
    %load/vec4 v0x562e3bd46e10_0;
    %load/vec4 v0x562e3bd46ef0_0;
    %xor;
    %assign/vec4 v0x562e3bd471a0_0, 0;
    %jmp T_0.13;
T_0.10 ;
    %load/vec4 v0x562e3bd46e10_0;
    %load/vec4 v0x562e3bd46ef0_0;
    %and;
    %inv;
    %assign/vec4 v0x562e3bd471a0_0, 0;
    %jmp T_0.13;
T_0.11 ;
    %load/vec4 v0x562e3bd46e10_0;
    %load/vec4 v0x562e3bd46ef0_0;
    %or;
    %inv;
    %assign/vec4 v0x562e3bd471a0_0, 0;
    %jmp T_0.13;
T_0.13 ;
    %pop/vec4 1;
    %load/vec4 v0x562e3bd471a0_0;
    %pushi/vec4 0, 0, 4;
    %cmp/e;
    %flag_get/vec4 4;
    %ix/load 4, 2, 0;
    %ix/load 5, 0, 0;
    %flag_set/imm 4, 0;
    %assign/vec4/off/d v0x562e3bd47420_0, 4, 5;
    %load/vec4 v0x562e3bd46e10_0;
    %load/vec4 v0x562e3bd46ef0_0;
    %cmp/u;
    %flag_get/vec4 5;
    %ix/load 4, 3, 0;
    %ix/load 5, 0, 0;
    %flag_set/imm 4, 0;
    %assign/vec4/off/d v0x562e3bd47420_0, 4, 5;
    %jmp T_0;
    .thread T_0, $push;
    .scope S_0x562e3bcb5e80;
T_1 ;
    %wait E_0x562e3bcc7310;
    %load/vec4 v0x562e3bd487b0_0;
    %nor/r;
    %flag_set/vec4 8;
    %jmp/0xz  T_1.0, 8;
    %pushi/vec4 0, 0, 4;
    %assign/vec4 v0x562e3bd48870_0, 0;
    %pushi/vec4 0, 0, 4;
    %assign/vec4 v0x562e3bd480a0_0, 0;
    %pushi/vec4 0, 0, 4;
    %ix/load 3, 0, 0;
    %flag_set/imm 4, 0;
    %ix/load 4, 0, 0; Constant delay
    %assign/vec4/a/d v0x562e3bd48420, 0, 4;
    %pushi/vec4 0, 0, 4;
    %ix/load 3, 1, 0;
    %flag_set/imm 4, 0;
    %ix/load 4, 0, 0; Constant delay
    %assign/vec4/a/d v0x562e3bd48420, 0, 4;
    %pushi/vec4 0, 0, 4;
    %ix/load 3, 2, 0;
    %flag_set/imm 4, 0;
    %ix/load 4, 0, 0; Constant delay
    %assign/vec4/a/d v0x562e3bd48420, 0, 4;
    %pushi/vec4 0, 0, 4;
    %ix/load 3, 3, 0;
    %flag_set/imm 4, 0;
    %ix/load 4, 0, 0; Constant delay
    %assign/vec4/a/d v0x562e3bd48420, 0, 4;
    %pushi/vec4 0, 0, 4;
    %ix/load 3, 4, 0;
    %flag_set/imm 4, 0;
    %ix/load 4, 0, 0; Constant delay
    %assign/vec4/a/d v0x562e3bd48420, 0, 4;
    %pushi/vec4 0, 0, 4;
    %ix/load 3, 5, 0;
    %flag_set/imm 4, 0;
    %ix/load 4, 0, 0; Constant delay
    %assign/vec4/a/d v0x562e3bd48420, 0, 4;
    %pushi/vec4 0, 0, 4;
    %ix/load 3, 6, 0;
    %flag_set/imm 4, 0;
    %ix/load 4, 0, 0; Constant delay
    %assign/vec4/a/d v0x562e3bd48420, 0, 4;
    %pushi/vec4 0, 0, 4;
    %assign/vec4 v0x562e3bd477a0_0, 0;
    %pushi/vec4 0, 0, 4;
    %assign/vec4 v0x562e3bd47880_0, 0;
    %pushi/vec4 0, 0, 4;
    %assign/vec4 v0x562e3bd479c0_0, 0;
    %pushi/vec4 0, 0, 12;
    %assign/vec4 v0x562e3bd486d0_0, 0;
    %pushi/vec4 0, 0, 12;
    %assign/vec4 v0x562e3bd48340_0, 0;
    %pushi/vec4 0, 0, 12;
    %assign/vec4 v0x562e3bd47c80_0, 0;
    %pushi/vec4 0, 0, 1;
    %assign/vec4 v0x562e3bd47f20_0, 0;
    %pushi/vec4 0, 0, 4;
    %assign/vec4 v0x562e3bd47e40_0, 0;
    %jmp T_1.1;
T_1.0 ;
    %load/vec4 v0x562e3bd48870_0;
    %dup/vec4;
    %pushi/vec4 0, 0, 4;
    %cmp/u;
    %jmp/1 T_1.2, 6;
    %dup/vec4;
    %pushi/vec4 1, 0, 4;
    %cmp/u;
    %jmp/1 T_1.3, 6;
    %dup/vec4;
    %pushi/vec4 2, 0, 4;
    %cmp/u;
    %jmp/1 T_1.4, 6;
    %dup/vec4;
    %pushi/vec4 3, 0, 4;
    %cmp/u;
    %jmp/1 T_1.5, 6;
    %dup/vec4;
    %pushi/vec4 4, 0, 4;
    %cmp/u;
    %jmp/1 T_1.6, 6;
    %dup/vec4;
    %pushi/vec4 5, 0, 4;
    %cmp/u;
    %jmp/1 T_1.7, 6;
    %jmp T_1.8;
T_1.2 ;
    %load/vec4 v0x562e3bd480a0_0;
    %dup/vec4;
    %pushi/vec4 0, 0, 4;
    %cmp/u;
    %jmp/1 T_1.9, 6;
    %dup/vec4;
    %pushi/vec4 1, 0, 4;
    %cmp/u;
    %jmp/1 T_1.10, 6;
    %dup/vec4;
    %pushi/vec4 2, 0, 4;
    %cmp/u;
    %jmp/1 T_1.11, 6;
    %dup/vec4;
    %pushi/vec4 3, 0, 4;
    %cmp/u;
    %jmp/1 T_1.12, 6;
    %jmp T_1.13;
T_1.9 ;
    %pushi/vec4 0, 0, 1;
    %assign/vec4 v0x562e3bd47f20_0, 0;
    %load/vec4 v0x562e3bd48340_0;
    %assign/vec4 v0x562e3bd47c80_0, 0;
    %pushi/vec4 1, 0, 4;
    %assign/vec4 v0x562e3bd480a0_0, 0;
    %jmp T_1.13;
T_1.10 ;
    %load/vec4 v0x562e3bd47d60_0;
    %ix/load 4, 0, 0;
    %ix/load 5, 0, 0;
    %flag_set/imm 4, 0;
    %assign/vec4/off/d v0x562e3bd486d0_0, 4, 5;
    %load/vec4 v0x562e3bd48340_0;
    %addi 1, 0, 12;
    %assign/vec4 v0x562e3bd48340_0, 0;
    %load/vec4 v0x562e3bd48340_0;
    %assign/vec4 v0x562e3bd47c80_0, 0;
    %pushi/vec4 2, 0, 4;
    %assign/vec4 v0x562e3bd480a0_0, 0;
    %jmp T_1.13;
T_1.11 ;
    %load/vec4 v0x562e3bd47d60_0;
    %ix/load 4, 4, 0;
    %ix/load 5, 0, 0;
    %flag_set/imm 4, 0;
    %assign/vec4/off/d v0x562e3bd486d0_0, 4, 5;
    %load/vec4 v0x562e3bd48340_0;
    %addi 1, 0, 12;
    %assign/vec4 v0x562e3bd48340_0, 0;
    %load/vec4 v0x562e3bd48340_0;
    %assign/vec4 v0x562e3bd47c80_0, 0;
    %pushi/vec4 3, 0, 4;
    %assign/vec4 v0x562e3bd480a0_0, 0;
    %jmp T_1.13;
T_1.12 ;
    %load/vec4 v0x562e3bd47d60_0;
    %ix/load 4, 8, 0;
    %ix/load 5, 0, 0;
    %flag_set/imm 4, 0;
    %assign/vec4/off/d v0x562e3bd486d0_0, 4, 5;
    %load/vec4 v0x562e3bd48340_0;
    %addi 1, 0, 12;
    %assign/vec4 v0x562e3bd48340_0, 0;
    %load/vec4 v0x562e3bd48340_0;
    %assign/vec4 v0x562e3bd47c80_0, 0;
    %pushi/vec4 0, 0, 4;
    %assign/vec4 v0x562e3bd480a0_0, 0;
    %pushi/vec4 1, 0, 4;
    %assign/vec4 v0x562e3bd48870_0, 0;
    %jmp T_1.13;
T_1.13 ;
    %pop/vec4 1;
    %jmp T_1.8;
T_1.3 ;
    %pushi/vec4 2, 0, 4;
    %assign/vec4 v0x562e3bd48870_0, 0;
    %load/vec4 v0x562e3bd48180_0;
    %dup/vec4;
    %pushi/vec4 0, 0, 4;
    %cmp/u;
    %jmp/1 T_1.14, 6;
    %dup/vec4;
    %pushi/vec4 1, 0, 4;
    %cmp/u;
    %jmp/1 T_1.15, 6;
    %dup/vec4;
    %pushi/vec4 2, 0, 4;
    %cmp/u;
    %jmp/1 T_1.16, 6;
    %dup/vec4;
    %pushi/vec4 3, 0, 4;
    %cmp/u;
    %jmp/1 T_1.17, 6;
    %dup/vec4;
    %pushi/vec4 4, 0, 4;
    %cmp/u;
    %jmp/1 T_1.18, 6;
    %dup/vec4;
    %pushi/vec4 5, 0, 4;
    %cmp/u;
    %jmp/1 T_1.19, 6;
    %dup/vec4;
    %pushi/vec4 6, 0, 4;
    %cmp/u;
    %jmp/1 T_1.20, 6;
    %dup/vec4;
    %pushi/vec4 7, 0, 4;
    %cmp/u;
    %jmp/1 T_1.21, 6;
    %dup/vec4;
    %pushi/vec4 8, 0, 4;
    %cmp/u;
    %jmp/1 T_1.22, 6;
    %dup/vec4;
    %pushi/vec4 9, 0, 4;
    %cmp/u;
    %jmp/1 T_1.23, 6;
    %dup/vec4;
    %pushi/vec4 10, 0, 4;
    %cmp/u;
    %jmp/1 T_1.24, 6;
    %dup/vec4;
    %pushi/vec4 11, 0, 4;
    %cmp/u;
    %jmp/1 T_1.25, 6;
    %dup/vec4;
    %pushi/vec4 12, 0, 4;
    %cmp/u;
    %jmp/1 T_1.26, 6;
    %dup/vec4;
    %pushi/vec4 13, 0, 4;
    %cmp/u;
    %jmp/1 T_1.27, 6;
    %dup/vec4;
    %pushi/vec4 14, 0, 4;
    %cmp/u;
    %jmp/1 T_1.28, 6;
    %pushi/vec4 0, 0, 4;
    %assign/vec4 v0x562e3bd48870_0, 0;
    %jmp T_1.30;
T_1.14 ;
    %load/vec4 v0x562e3bd48260_0;
    %dup/vec4;
    %pushi/vec4 0, 0, 2;
    %cmp/u;
    %jmp/1 T_1.31, 6;
    %dup/vec4;
    %pushi/vec4 1, 0, 2;
    %cmp/u;
    %jmp/1 T_1.32, 6;
    %pushi/vec4 4095, 0, 12;
    %store/vec4 v0x562e3bd48340_0, 0, 12;
    %jmp T_1.34;
T_1.31 ;
    %load/vec4 v0x562e3bd47b00_0;
    %pad/u 5;
    %ix/vec4 4;
    %load/vec4a v0x562e3bd48420, 4;
    %load/vec4 v0x562e3bd47ba0_0;
    %pad/u 5;
    %ix/vec4 3;
    %ix/load 4, 0, 0; Constant delay
    %assign/vec4/a/d v0x562e3bd48420, 0, 4;
    %jmp T_1.34;
T_1.32 ;
    %load/vec4 v0x562e3bd47d60_0;
    %load/vec4 v0x562e3bd47ba0_0;
    %pad/u 5;
    %ix/vec4 3;
    %ix/load 4, 0, 0; Constant delay
    %assign/vec4/a/d v0x562e3bd48420, 0, 4;
    %jmp T_1.34;
T_1.34 ;
    %pop/vec4 1;
    %pushi/vec4 0, 0, 4;
    %assign/vec4 v0x562e3bd48870_0, 0;
    %jmp T_1.30;
T_1.15 ;
    %load/vec4 v0x562e3bd48260_0;
    %dup/vec4;
    %pushi/vec4 0, 0, 2;
    %cmp/u;
    %jmp/1 T_1.35, 6;
    %dup/vec4;
    %pushi/vec4 1, 0, 2;
    %cmp/u;
    %jmp/1 T_1.36, 6;
    %pushi/vec4 4095, 0, 12;
    %assign/vec4 v0x562e3bd48340_0, 0;
    %jmp T_1.38;
T_1.35 ;
    %pushi/vec4 1, 0, 1;
    %assign/vec4 v0x562e3bd47f20_0, 0;
    %ix/load 4, 6, 0;
    %flag_set/imm 4, 0;
    %load/vec4a v0x562e3bd48420, 4;
    %ix/load 4, 5, 0;
    %flag_set/imm 4, 0;
    %load/vec4a v0x562e3bd48420, 4;
    %concat/vec4; draw_concat_vec4
    %ix/load 4, 4, 0;
    %flag_set/imm 4, 0;
    %load/vec4a v0x562e3bd48420, 4;
    %concat/vec4; draw_concat_vec4
    %assign/vec4 v0x562e3bd47c80_0, 0;
    %jmp T_1.38;
T_1.36 ;
    %load/vec4 v0x562e3bd47d60_0;
    %ix/load 3, 4, 0;
    %flag_set/imm 4, 0;
    %ix/load 4, 0, 0; Constant delay
    %assign/vec4/a/d v0x562e3bd48420, 0, 4;
    %load/vec4 v0x562e3bd48340_0;
    %addi 1, 0, 12;
    %assign/vec4 v0x562e3bd48340_0, 0;
    %jmp T_1.38;
T_1.38 ;
    %pop/vec4 1;
    %jmp T_1.30;
T_1.16 ;
    %load/vec4 v0x562e3bd48260_0;
    %dup/vec4;
    %pushi/vec4 0, 0, 2;
    %cmp/u;
    %jmp/1 T_1.39, 6;
    %dup/vec4;
    %pushi/vec4 1, 0, 2;
    %cmp/u;
    %jmp/1 T_1.40, 6;
    %pushi/vec4 4095, 0, 12;
    %assign/vec4 v0x562e3bd48340_0, 0;
    %jmp T_1.42;
T_1.39 ;
    %ix/load 4, 6, 0;
    %flag_set/imm 4, 0;
    %load/vec4a v0x562e3bd48420, 4;
    %ix/load 4, 5, 0;
    %flag_set/imm 4, 0;
    %load/vec4a v0x562e3bd48420, 4;
    %concat/vec4; draw_concat_vec4
    %ix/load 4, 4, 0;
    %flag_set/imm 4, 0;
    %load/vec4a v0x562e3bd48420, 4;
    %concat/vec4; draw_concat_vec4
    %assign/vec4 v0x562e3bd47c80_0, 0;
    %jmp T_1.42;
T_1.40 ;
    %load/vec4 v0x562e3bd47d60_0;
    %ix/load 3, 4, 0;
    %flag_set/imm 4, 0;
    %ix/load 4, 0, 0; Constant delay
    %assign/vec4/a/d v0x562e3bd48420, 0, 4;
    %load/vec4 v0x562e3bd48340_0;
    %addi 1, 0, 12;
    %assign/vec4 v0x562e3bd48340_0, 0;
    %jmp T_1.42;
T_1.42 ;
    %pop/vec4 1;
    %jmp T_1.30;
T_1.17 ;
    %pushi/vec4 0, 0, 4;
    %assign/vec4 v0x562e3bd479c0_0, 0;
    %load/vec4 v0x562e3bd48260_0;
    %dup/vec4;
    %pushi/vec4 0, 0, 2;
    %cmp/u;
    %jmp/1 T_1.43, 6;
    %dup/vec4;
    %pushi/vec4 1, 0, 2;
    %cmp/u;
    %jmp/1 T_1.44, 6;
    %dup/vec4;
    %pushi/vec4 2, 0, 2;
    %cmp/u;
    %jmp/1 T_1.45, 6;
    %pushi/vec4 4095, 0, 12;
    %assign/vec4 v0x562e3bd48340_0, 0;
    %jmp T_1.47;
T_1.43 ;
    %load/vec4 v0x562e3bd47b00_0;
    %pad/u 5;
    %ix/vec4 4;
    %load/vec4a v0x562e3bd48420, 4;
    %assign/vec4 v0x562e3bd477a0_0, 0;
    %load/vec4 v0x562e3bd47ba0_0;
    %pad/u 5;
    %ix/vec4 4;
    %load/vec4a v0x562e3bd48420, 4;
    %assign/vec4 v0x562e3bd47880_0, 0;
    %jmp T_1.47;
T_1.44 ;
    %load/vec4 v0x562e3bd47d60_0;
    %assign/vec4 v0x562e3bd477a0_0, 0;
    %load/vec4 v0x562e3bd47ba0_0;
    %pad/u 5;
    %ix/vec4 4;
    %load/vec4a v0x562e3bd48420, 4;
    %assign/vec4 v0x562e3bd47880_0, 0;
    %jmp T_1.47;
T_1.45 ;
    %pushi/vec4 1, 0, 4;
    %assign/vec4 v0x562e3bd477a0_0, 0;
    %load/vec4 v0x562e3bd47ba0_0;
    %pad/u 5;
    %ix/vec4 4;
    %load/vec4a v0x562e3bd48420, 4;
    %assign/vec4 v0x562e3bd47880_0, 0;
    %jmp T_1.47;
T_1.47 ;
    %pop/vec4 1;
    %jmp T_1.30;
T_1.18 ;
    %pushi/vec4 1, 0, 4;
    %assign/vec4 v0x562e3bd479c0_0, 0;
    %load/vec4 v0x562e3bd48260_0;
    %dup/vec4;
    %pushi/vec4 0, 0, 2;
    %cmp/u;
    %jmp/1 T_1.48, 6;
    %dup/vec4;
    %pushi/vec4 1, 0, 2;
    %cmp/u;
    %jmp/1 T_1.49, 6;
    %pushi/vec4 4095, 0, 12;
    %assign/vec4 v0x562e3bd48340_0, 0;
    %jmp T_1.51;
T_1.48 ;
    %load/vec4 v0x562e3bd47b00_0;
    %pad/u 5;
    %ix/vec4 4;
    %load/vec4a v0x562e3bd48420, 4;
    %assign/vec4 v0x562e3bd477a0_0, 0;
    %load/vec4 v0x562e3bd47ba0_0;
    %pad/u 5;
    %ix/vec4 4;
    %load/vec4a v0x562e3bd48420, 4;
    %assign/vec4 v0x562e3bd47880_0, 0;
    %jmp T_1.51;
T_1.49 ;
    %load/vec4 v0x562e3bd47d60_0;
    %assign/vec4 v0x562e3bd477a0_0, 0;
    %load/vec4 v0x562e3bd47ba0_0;
    %pad/u 5;
    %ix/vec4 4;
    %load/vec4a v0x562e3bd48420, 4;
    %assign/vec4 v0x562e3bd47880_0, 0;
    %jmp T_1.51;
T_1.51 ;
    %pop/vec4 1;
    %jmp T_1.30;
T_1.19 ;
    %pushi/vec4 2, 0, 4;
    %assign/vec4 v0x562e3bd479c0_0, 0;
    %load/vec4 v0x562e3bd48260_0;
    %dup/vec4;
    %pushi/vec4 0, 0, 2;
    %cmp/u;
    %jmp/1 T_1.52, 6;
    %dup/vec4;
    %pushi/vec4 1, 0, 2;
    %cmp/u;
    %jmp/1 T_1.53, 6;
    %dup/vec4;
    %pushi/vec4 2, 0, 2;
    %cmp/u;
    %jmp/1 T_1.54, 6;
    %pushi/vec4 4095, 0, 12;
    %assign/vec4 v0x562e3bd48340_0, 0;
    %jmp T_1.56;
T_1.52 ;
    %load/vec4 v0x562e3bd47b00_0;
    %pad/u 5;
    %ix/vec4 4;
    %load/vec4a v0x562e3bd48420, 4;
    %assign/vec4 v0x562e3bd477a0_0, 0;
    %load/vec4 v0x562e3bd47ba0_0;
    %pad/u 5;
    %ix/vec4 4;
    %load/vec4a v0x562e3bd48420, 4;
    %assign/vec4 v0x562e3bd47880_0, 0;
    %jmp T_1.56;
T_1.53 ;
    %load/vec4 v0x562e3bd47d60_0;
    %assign/vec4 v0x562e3bd477a0_0, 0;
    %load/vec4 v0x562e3bd47ba0_0;
    %pad/u 5;
    %ix/vec4 4;
    %load/vec4a v0x562e3bd48420, 4;
    %assign/vec4 v0x562e3bd47880_0, 0;
    %jmp T_1.56;
T_1.54 ;
    %pushi/vec4 1, 0, 4;
    %assign/vec4 v0x562e3bd477a0_0, 0;
    %load/vec4 v0x562e3bd47ba0_0;
    %pad/u 5;
    %ix/vec4 4;
    %load/vec4a v0x562e3bd48420, 4;
    %assign/vec4 v0x562e3bd47880_0, 0;
    %jmp T_1.56;
T_1.56 ;
    %pop/vec4 1;
    %jmp T_1.30;
T_1.20 ;
    %pushi/vec4 3, 0, 4;
    %assign/vec4 v0x562e3bd479c0_0, 0;
    %load/vec4 v0x562e3bd48260_0;
    %dup/vec4;
    %pushi/vec4 0, 0, 2;
    %cmp/u;
    %jmp/1 T_1.57, 6;
    %dup/vec4;
    %pushi/vec4 1, 0, 2;
    %cmp/u;
    %jmp/1 T_1.58, 6;
    %pushi/vec4 4095, 0, 12;
    %assign/vec4 v0x562e3bd48340_0, 0;
    %jmp T_1.60;
T_1.57 ;
    %load/vec4 v0x562e3bd47b00_0;
    %pad/u 5;
    %ix/vec4 4;
    %load/vec4a v0x562e3bd48420, 4;
    %assign/vec4 v0x562e3bd477a0_0, 0;
    %load/vec4 v0x562e3bd47ba0_0;
    %pad/u 5;
    %ix/vec4 4;
    %load/vec4a v0x562e3bd48420, 4;
    %assign/vec4 v0x562e3bd47880_0, 0;
    %jmp T_1.60;
T_1.58 ;
    %load/vec4 v0x562e3bd47d60_0;
    %assign/vec4 v0x562e3bd477a0_0, 0;
    %load/vec4 v0x562e3bd47ba0_0;
    %pad/u 5;
    %ix/vec4 4;
    %load/vec4a v0x562e3bd48420, 4;
    %assign/vec4 v0x562e3bd47880_0, 0;
    %jmp T_1.60;
T_1.60 ;
    %pop/vec4 1;
    %jmp T_1.30;
T_1.21 ;
    %load/vec4 v0x562e3bd48260_0;
    %dup/vec4;
    %pushi/vec4 0, 0, 2;
    %cmp/u;
    %jmp/1 T_1.61, 6;
    %dup/vec4;
    %pushi/vec4 1, 0, 2;
    %cmp/u;
    %jmp/1 T_1.62, 6;
    %pushi/vec4 4095, 0, 12;
    %assign/vec4 v0x562e3bd48340_0, 0;
    %jmp T_1.64;
T_1.61 ;
    %pushi/vec4 4, 0, 4;
    %assign/vec4 v0x562e3bd479c0_0, 0;
    %load/vec4 v0x562e3bd47ba0_0;
    %pad/u 5;
    %ix/vec4 4;
    %load/vec4a v0x562e3bd48420, 4;
    %assign/vec4 v0x562e3bd477a0_0, 0;
    %jmp T_1.64;
T_1.62 ;
    %pushi/vec4 5, 0, 4;
    %assign/vec4 v0x562e3bd479c0_0, 0;
    %load/vec4 v0x562e3bd47ba0_0;
    %pad/u 5;
    %ix/vec4 4;
    %load/vec4a v0x562e3bd48420, 4;
    %assign/vec4 v0x562e3bd477a0_0, 0;
    %jmp T_1.64;
T_1.64 ;
    %pop/vec4 1;
    %jmp T_1.30;
T_1.22 ;
    %load/vec4 v0x562e3bd48260_0;
    %dup/vec4;
    %pushi/vec4 0, 0, 2;
    %cmp/u;
    %jmp/1 T_1.65, 6;
    %dup/vec4;
    %pushi/vec4 1, 0, 2;
    %cmp/u;
    %jmp/1 T_1.66, 6;
    %dup/vec4;
    %pushi/vec4 2, 0, 2;
    %cmp/u;
    %jmp/1 T_1.67, 6;
    %dup/vec4;
    %pushi/vec4 3, 0, 2;
    %cmp/u;
    %jmp/1 T_1.68, 6;
    %pushi/vec4 4095, 0, 12;
    %assign/vec4 v0x562e3bd48340_0, 0;
    %jmp T_1.70;
T_1.65 ;
    %pushi/vec4 10, 0, 4;
    %assign/vec4 v0x562e3bd479c0_0, 0;
    %load/vec4 v0x562e3bd47b00_0;
    %pad/u 5;
    %ix/vec4 4;
    %load/vec4a v0x562e3bd48420, 4;
    %assign/vec4 v0x562e3bd477a0_0, 0;
    %load/vec4 v0x562e3bd47ba0_0;
    %pad/u 5;
    %ix/vec4 4;
    %load/vec4a v0x562e3bd48420, 4;
    %assign/vec4 v0x562e3bd47880_0, 0;
    %jmp T_1.70;
T_1.66 ;
    %pushi/vec4 10, 0, 4;
    %assign/vec4 v0x562e3bd479c0_0, 0;
    %load/vec4 v0x562e3bd47d60_0;
    %assign/vec4 v0x562e3bd477a0_0, 0;
    %load/vec4 v0x562e3bd47ba0_0;
    %pad/u 5;
    %ix/vec4 4;
    %load/vec4a v0x562e3bd48420, 4;
    %assign/vec4 v0x562e3bd47880_0, 0;
    %jmp T_1.70;
T_1.67 ;
    %pushi/vec4 11, 0, 4;
    %assign/vec4 v0x562e3bd479c0_0, 0;
    %load/vec4 v0x562e3bd47b00_0;
    %pad/u 5;
    %ix/vec4 4;
    %load/vec4a v0x562e3bd48420, 4;
    %assign/vec4 v0x562e3bd477a0_0, 0;
    %load/vec4 v0x562e3bd47ba0_0;
    %pad/u 5;
    %ix/vec4 4;
    %load/vec4a v0x562e3bd48420, 4;
    %assign/vec4 v0x562e3bd47880_0, 0;
    %jmp T_1.70;
T_1.68 ;
    %pushi/vec4 11, 0, 4;
    %assign/vec4 v0x562e3bd479c0_0, 0;
    %load/vec4 v0x562e3bd47d60_0;
    %assign/vec4 v0x562e3bd477a0_0, 0;
    %load/vec4 v0x562e3bd47ba0_0;
    %pad/u 5;
    %ix/vec4 4;
    %load/vec4a v0x562e3bd48420, 4;
    %assign/vec4 v0x562e3bd47880_0, 0;
    %jmp T_1.70;
T_1.70 ;
    %pop/vec4 1;
    %jmp T_1.30;
T_1.23 ;
    %load/vec4 v0x562e3bd48260_0;
    %dup/vec4;
    %pushi/vec4 0, 0, 2;
    %cmp/u;
    %jmp/1 T_1.71, 6;
    %dup/vec4;
    %pushi/vec4 1, 0, 2;
    %cmp/u;
    %jmp/1 T_1.72, 6;
    %dup/vec4;
    %pushi/vec4 2, 0, 2;
    %cmp/u;
    %jmp/1 T_1.73, 6;
    %dup/vec4;
    %pushi/vec4 3, 0, 2;
    %cmp/u;
    %jmp/1 T_1.74, 6;
    %pushi/vec4 4095, 0, 12;
    %assign/vec4 v0x562e3bd48340_0, 0;
    %jmp T_1.76;
T_1.71 ;
    %pushi/vec4 6, 0, 4;
    %assign/vec4 v0x562e3bd479c0_0, 0;
    %load/vec4 v0x562e3bd47b00_0;
    %pad/u 5;
    %ix/vec4 4;
    %load/vec4a v0x562e3bd48420, 4;
    %assign/vec4 v0x562e3bd477a0_0, 0;
    %load/vec4 v0x562e3bd47ba0_0;
    %pad/u 5;
    %ix/vec4 4;
    %load/vec4a v0x562e3bd48420, 4;
    %assign/vec4 v0x562e3bd47880_0, 0;
    %jmp T_1.76;
T_1.72 ;
    %pushi/vec4 6, 0, 4;
    %assign/vec4 v0x562e3bd479c0_0, 0;
    %load/vec4 v0x562e3bd47d60_0;
    %assign/vec4 v0x562e3bd477a0_0, 0;
    %load/vec4 v0x562e3bd47ba0_0;
    %pad/u 5;
    %ix/vec4 4;
    %load/vec4a v0x562e3bd48420, 4;
    %assign/vec4 v0x562e3bd47880_0, 0;
    %jmp T_1.76;
T_1.73 ;
    %pushi/vec4 7, 0, 4;
    %assign/vec4 v0x562e3bd479c0_0, 0;
    %load/vec4 v0x562e3bd47b00_0;
    %pad/u 5;
    %ix/vec4 4;
    %load/vec4a v0x562e3bd48420, 4;
    %assign/vec4 v0x562e3bd477a0_0, 0;
    %load/vec4 v0x562e3bd47ba0_0;
    %pad/u 5;
    %ix/vec4 4;
    %load/vec4a v0x562e3bd48420, 4;
    %assign/vec4 v0x562e3bd47880_0, 0;
    %jmp T_1.76;
T_1.74 ;
    %pushi/vec4 7, 0, 4;
    %assign/vec4 v0x562e3bd479c0_0, 0;
    %load/vec4 v0x562e3bd47d60_0;
    %assign/vec4 v0x562e3bd477a0_0, 0;
    %load/vec4 v0x562e3bd47ba0_0;
    %pad/u 5;
    %ix/vec4 4;
    %load/vec4a v0x562e3bd48420, 4;
    %assign/vec4 v0x562e3bd47880_0, 0;
    %jmp T_1.76;
T_1.76 ;
    %pop/vec4 1;
    %jmp T_1.30;
T_1.24 ;
    %load/vec4 v0x562e3bd48260_0;
    %dup/vec4;
    %pushi/vec4 0, 0, 2;
    %cmp/u;
    %jmp/1 T_1.77, 6;
    %dup/vec4;
    %pushi/vec4 1, 0, 2;
    %cmp/u;
    %jmp/1 T_1.78, 6;
    %dup/vec4;
    %pushi/vec4 2, 0, 2;
    %cmp/u;
    %jmp/1 T_1.79, 6;
    %pushi/vec4 4095, 0, 12;
    %assign/vec4 v0x562e3bd48340_0, 0;
    %jmp T_1.81;
T_1.77 ;
    %pushi/vec4 9, 0, 4;
    %assign/vec4 v0x562e3bd479c0_0, 0;
    %load/vec4 v0x562e3bd47b00_0;
    %pad/u 5;
    %ix/vec4 4;
    %load/vec4a v0x562e3bd48420, 4;
    %assign/vec4 v0x562e3bd477a0_0, 0;
    %load/vec4 v0x562e3bd47ba0_0;
    %pad/u 5;
    %ix/vec4 4;
    %load/vec4a v0x562e3bd48420, 4;
    %assign/vec4 v0x562e3bd47880_0, 0;
    %jmp T_1.81;
T_1.78 ;
    %pushi/vec4 9, 0, 4;
    %assign/vec4 v0x562e3bd479c0_0, 0;
    %load/vec4 v0x562e3bd47d60_0;
    %assign/vec4 v0x562e3bd477a0_0, 0;
    %load/vec4 v0x562e3bd47ba0_0;
    %pad/u 5;
    %ix/vec4 4;
    %load/vec4a v0x562e3bd48420, 4;
    %assign/vec4 v0x562e3bd47880_0, 0;
    %jmp T_1.81;
T_1.79 ;
    %pushi/vec4 8, 0, 4;
    %assign/vec4 v0x562e3bd479c0_0, 0;
    %load/vec4 v0x562e3bd47ba0_0;
    %pad/u 5;
    %ix/vec4 4;
    %load/vec4a v0x562e3bd48420, 4;
    %assign/vec4 v0x562e3bd477a0_0, 0;
    %jmp T_1.81;
T_1.81 ;
    %pop/vec4 1;
    %jmp T_1.30;
T_1.25 ;
    %load/vec4 v0x562e3bd48260_0;
    %dup/vec4;
    %pushi/vec4 0, 0, 2;
    %cmp/u;
    %jmp/1 T_1.82, 6;
    %dup/vec4;
    %pushi/vec4 1, 0, 2;
    %cmp/u;
    %jmp/1 T_1.83, 6;
    %pushi/vec4 4095, 0, 12;
    %assign/vec4 v0x562e3bd48340_0, 0;
    %jmp T_1.85;
T_1.82 ;
    %ix/load 4, 6, 0;
    %flag_set/imm 4, 0;
    %load/vec4a v0x562e3bd48420, 4;
    %ix/load 4, 5, 0;
    %flag_set/imm 4, 0;
    %load/vec4a v0x562e3bd48420, 4;
    %concat/vec4; draw_concat_vec4
    %ix/load 4, 4, 0;
    %flag_set/imm 4, 0;
    %load/vec4a v0x562e3bd48420, 4;
    %concat/vec4; draw_concat_vec4
    %assign/vec4 v0x562e3bd48340_0, 0;
    %pushi/vec4 0, 0, 4;
    %assign/vec4 v0x562e3bd48870_0, 0;
    %jmp T_1.85;
T_1.83 ;
    %load/vec4 v0x562e3bd47d60_0;
    %ix/load 3, 4, 0;
    %flag_set/imm 4, 0;
    %ix/load 4, 0, 0; Constant delay
    %assign/vec4/a/d v0x562e3bd48420, 0, 4;
    %load/vec4 v0x562e3bd48340_0;
    %addi 1, 0, 12;
    %assign/vec4 v0x562e3bd48340_0, 0;
    %jmp T_1.85;
T_1.85 ;
    %pop/vec4 1;
    %jmp T_1.30;
T_1.26 ;
    %ix/load 4, 3, 0;
    %flag_set/imm 4, 0;
    %load/vec4a v0x562e3bd48420, 4;
    %parti/s 1, 2, 3;
    %nor/r;
    %flag_set/vec4 8;
    %jmp/0xz  T_1.86, 8;
    %load/vec4 v0x562e3bd48260_0;
    %dup/vec4;
    %pushi/vec4 0, 0, 2;
    %cmp/u;
    %jmp/1 T_1.88, 6;
    %dup/vec4;
    %pushi/vec4 1, 0, 2;
    %cmp/u;
    %jmp/1 T_1.89, 6;
    %pushi/vec4 4095, 0, 12;
    %assign/vec4 v0x562e3bd48340_0, 0;
    %jmp T_1.91;
T_1.88 ;
    %ix/load 4, 6, 0;
    %flag_set/imm 4, 0;
    %load/vec4a v0x562e3bd48420, 4;
    %ix/load 4, 5, 0;
    %flag_set/imm 4, 0;
    %load/vec4a v0x562e3bd48420, 4;
    %concat/vec4; draw_concat_vec4
    %ix/load 4, 4, 0;
    %flag_set/imm 4, 0;
    %load/vec4a v0x562e3bd48420, 4;
    %concat/vec4; draw_concat_vec4
    %assign/vec4 v0x562e3bd48340_0, 0;
    %pushi/vec4 0, 0, 4;
    %assign/vec4 v0x562e3bd48870_0, 0;
    %jmp T_1.91;
T_1.89 ;
    %load/vec4 v0x562e3bd47d60_0;
    %ix/load 3, 4, 0;
    %flag_set/imm 4, 0;
    %ix/load 4, 0, 0; Constant delay
    %assign/vec4/a/d v0x562e3bd48420, 0, 4;
    %load/vec4 v0x562e3bd48340_0;
    %addi 1, 0, 12;
    %assign/vec4 v0x562e3bd48340_0, 0;
    %jmp T_1.91;
T_1.91 ;
    %pop/vec4 1;
    %jmp T_1.87;
T_1.86 ;
    %pushi/vec4 0, 0, 4;
    %assign/vec4 v0x562e3bd48870_0, 0;
T_1.87 ;
    %jmp T_1.30;
T_1.27 ;
    %load/vec4 v0x562e3bd48260_0;
    %dup/vec4;
    %pushi/vec4 0, 0, 2;
    %cmp/u;
    %jmp/1 T_1.92, 6;
    %dup/vec4;
    %pushi/vec4 1, 0, 2;
    %cmp/u;
    %jmp/1 T_1.93, 6;
    %dup/vec4;
    %pushi/vec4 2, 0, 2;
    %cmp/u;
    %jmp/1 T_1.94, 6;
    %dup/vec4;
    %pushi/vec4 3, 0, 2;
    %cmp/u;
    %jmp/1 T_1.95, 6;
    %pushi/vec4 4095, 0, 12;
    %assign/vec4 v0x562e3bd48340_0, 0;
    %jmp T_1.97;
T_1.92 ;
    %ix/load 4, 3, 0;
    %flag_set/imm 4, 0;
    %load/vec4a v0x562e3bd48420, 4;
    %parti/s 1, 0, 2;
    %nor/r;
    %flag_set/vec4 8;
    %jmp/0xz  T_1.98, 8;
    %ix/load 4, 6, 0;
    %flag_set/imm 4, 0;
    %load/vec4a v0x562e3bd48420, 4;
    %ix/load 4, 5, 0;
    %flag_set/imm 4, 0;
    %load/vec4a v0x562e3bd48420, 4;
    %concat/vec4; draw_concat_vec4
    %ix/load 4, 4, 0;
    %flag_set/imm 4, 0;
    %load/vec4a v0x562e3bd48420, 4;
    %concat/vec4; draw_concat_vec4
    %assign/vec4 v0x562e3bd48340_0, 0;
    %pushi/vec4 0, 0, 4;
    %assign/vec4 v0x562e3bd48870_0, 0;
    %jmp T_1.99;
T_1.98 ;
    %pushi/vec4 0, 0, 4;
    %assign/vec4 v0x562e3bd48870_0, 0;
T_1.99 ;
    %jmp T_1.97;
T_1.93 ;
    %ix/load 4, 3, 0;
    %flag_set/imm 4, 0;
    %load/vec4a v0x562e3bd48420, 4;
    %parti/s 1, 0, 2;
    %nor/r;
    %flag_set/vec4 8;
    %jmp/0xz  T_1.100, 8;
    %load/vec4 v0x562e3bd47d60_0;
    %ix/load 3, 4, 0;
    %flag_set/imm 4, 0;
    %ix/load 4, 0, 0; Constant delay
    %assign/vec4/a/d v0x562e3bd48420, 0, 4;
    %load/vec4 v0x562e3bd48340_0;
    %addi 1, 0, 12;
    %assign/vec4 v0x562e3bd48340_0, 0;
    %jmp T_1.101;
T_1.100 ;
    %pushi/vec4 0, 0, 4;
    %assign/vec4 v0x562e3bd48870_0, 0;
T_1.101 ;
    %jmp T_1.97;
T_1.94 ;
    %ix/load 4, 3, 0;
    %flag_set/imm 4, 0;
    %load/vec4a v0x562e3bd48420, 4;
    %parti/s 1, 1, 2;
    %nor/r;
    %flag_set/vec4 8;
    %jmp/0xz  T_1.102, 8;
    %ix/load 4, 6, 0;
    %flag_set/imm 4, 0;
    %load/vec4a v0x562e3bd48420, 4;
    %ix/load 4, 5, 0;
    %flag_set/imm 4, 0;
    %load/vec4a v0x562e3bd48420, 4;
    %concat/vec4; draw_concat_vec4
    %ix/load 4, 4, 0;
    %flag_set/imm 4, 0;
    %load/vec4a v0x562e3bd48420, 4;
    %concat/vec4; draw_concat_vec4
    %assign/vec4 v0x562e3bd48340_0, 0;
    %pushi/vec4 0, 0, 4;
    %assign/vec4 v0x562e3bd48870_0, 0;
    %jmp T_1.103;
T_1.102 ;
    %pushi/vec4 0, 0, 4;
    %assign/vec4 v0x562e3bd48870_0, 0;
T_1.103 ;
    %jmp T_1.97;
T_1.95 ;
    %ix/load 4, 3, 0;
    %flag_set/imm 4, 0;
    %load/vec4a v0x562e3bd48420, 4;
    %parti/s 1, 1, 2;
    %nor/r;
    %flag_set/vec4 8;
    %jmp/0xz  T_1.104, 8;
    %load/vec4 v0x562e3bd47d60_0;
    %ix/load 3, 4, 0;
    %flag_set/imm 4, 0;
    %ix/load 4, 0, 0; Constant delay
    %assign/vec4/a/d v0x562e3bd48420, 0, 4;
    %load/vec4 v0x562e3bd48340_0;
    %addi 1, 0, 12;
    %assign/vec4 v0x562e3bd48340_0, 0;
    %jmp T_1.105;
T_1.104 ;
    %pushi/vec4 0, 0, 4;
    %assign/vec4 v0x562e3bd48870_0, 0;
T_1.105 ;
    %jmp T_1.97;
T_1.97 ;
    %pop/vec4 1;
    %jmp T_1.30;
T_1.28 ;
    %ix/load 4, 3, 0;
    %flag_set/imm 4, 0;
    %load/vec4a v0x562e3bd48420, 4;
    %parti/s 1, 3, 3;
    %nor/r;
    %flag_set/vec4 8;
    %jmp/0xz  T_1.106, 8;
    %load/vec4 v0x562e3bd48260_0;
    %dup/vec4;
    %pushi/vec4 0, 0, 2;
    %cmp/u;
    %jmp/1 T_1.108, 6;
    %dup/vec4;
    %pushi/vec4 1, 0, 2;
    %cmp/u;
    %jmp/1 T_1.109, 6;
    %pushi/vec4 4095, 0, 12;
    %assign/vec4 v0x562e3bd48340_0, 0;
    %jmp T_1.111;
T_1.108 ;
    %ix/load 4, 6, 0;
    %flag_set/imm 4, 0;
    %load/vec4a v0x562e3bd48420, 4;
    %ix/load 4, 5, 0;
    %flag_set/imm 4, 0;
    %load/vec4a v0x562e3bd48420, 4;
    %concat/vec4; draw_concat_vec4
    %ix/load 4, 4, 0;
    %flag_set/imm 4, 0;
    %load/vec4a v0x562e3bd48420, 4;
    %concat/vec4; draw_concat_vec4
    %assign/vec4 v0x562e3bd48340_0, 0;
    %pushi/vec4 0, 0, 4;
    %assign/vec4 v0x562e3bd48870_0, 0;
    %jmp T_1.111;
T_1.109 ;
    %load/vec4 v0x562e3bd47d60_0;
    %ix/load 3, 4, 0;
    %flag_set/imm 4, 0;
    %ix/load 4, 0, 0; Constant delay
    %assign/vec4/a/d v0x562e3bd48420, 0, 4;
    %load/vec4 v0x562e3bd48340_0;
    %addi 1, 0, 12;
    %assign/vec4 v0x562e3bd48340_0, 0;
    %jmp T_1.111;
T_1.111 ;
    %pop/vec4 1;
    %jmp T_1.107;
T_1.106 ;
    %pushi/vec4 0, 0, 4;
    %assign/vec4 v0x562e3bd48870_0, 0;
T_1.107 ;
    %jmp T_1.30;
T_1.30 ;
    %pop/vec4 1;
    %jmp T_1.8;
T_1.4 ;
    %pushi/vec4 3, 0, 4;
    %assign/vec4 v0x562e3bd48870_0, 0;
    %load/vec4 v0x562e3bd48180_0;
    %dup/vec4;
    %pushi/vec4 1, 0, 4;
    %cmp/u;
    %jmp/1 T_1.112, 6;
    %dup/vec4;
    %pushi/vec4 2, 0, 4;
    %cmp/u;
    %jmp/1 T_1.113, 6;
    %dup/vec4;
    %pushi/vec4 3, 0, 4;
    %cmp/u;
    %jmp/1 T_1.114, 6;
    %dup/vec4;
    %pushi/vec4 4, 0, 4;
    %cmp/u;
    %jmp/1 T_1.115, 6;
    %dup/vec4;
    %pushi/vec4 5, 0, 4;
    %cmp/u;
    %jmp/1 T_1.116, 6;
    %dup/vec4;
    %pushi/vec4 6, 0, 4;
    %cmp/u;
    %jmp/1 T_1.117, 6;
    %dup/vec4;
    %pushi/vec4 7, 0, 4;
    %cmp/u;
    %jmp/1 T_1.118, 6;
    %dup/vec4;
    %pushi/vec4 8, 0, 4;
    %cmp/u;
    %jmp/1 T_1.119, 6;
    %dup/vec4;
    %pushi/vec4 9, 0, 4;
    %cmp/u;
    %jmp/1 T_1.120, 6;
    %dup/vec4;
    %pushi/vec4 10, 0, 4;
    %cmp/u;
    %jmp/1 T_1.121, 6;
    %dup/vec4;
    %pushi/vec4 11, 0, 4;
    %cmp/u;
    %jmp/1 T_1.122, 6;
    %dup/vec4;
    %pushi/vec4 12, 0, 4;
    %cmp/u;
    %jmp/1 T_1.123, 6;
    %dup/vec4;
    %pushi/vec4 13, 0, 4;
    %cmp/u;
    %jmp/1 T_1.124, 6;
    %dup/vec4;
    %pushi/vec4 14, 0, 4;
    %cmp/u;
    %jmp/1 T_1.125, 6;
    %pushi/vec4 0, 0, 4;
    %assign/vec4 v0x562e3bd48870_0, 0;
    %jmp T_1.127;
T_1.112 ;
    %load/vec4 v0x562e3bd48260_0;
    %dup/vec4;
    %pushi/vec4 0, 0, 2;
    %cmp/u;
    %jmp/1 T_1.128, 6;
    %dup/vec4;
    %pushi/vec4 1, 0, 2;
    %cmp/u;
    %jmp/1 T_1.129, 6;
    %pushi/vec4 4095, 0, 12;
    %assign/vec4 v0x562e3bd48340_0, 0;
    %jmp T_1.131;
T_1.128 ;
    %load/vec4 v0x562e3bd47ba0_0;
    %pad/u 5;
    %ix/vec4 4;
    %load/vec4a v0x562e3bd48420, 4;
    %assign/vec4 v0x562e3bd47e40_0, 0;
    %pushi/vec4 0, 0, 4;
    %assign/vec4 v0x562e3bd48870_0, 0;
    %jmp T_1.131;
T_1.129 ;
    %load/vec4 v0x562e3bd47d60_0;
    %ix/load 3, 5, 0;
    %flag_set/imm 4, 0;
    %ix/load 4, 0, 0; Constant delay
    %assign/vec4/a/d v0x562e3bd48420, 0, 4;
    %load/vec4 v0x562e3bd48340_0;
    %addi 1, 0, 12;
    %assign/vec4 v0x562e3bd48340_0, 0;
    %jmp T_1.131;
T_1.131 ;
    %pop/vec4 1;
    %jmp T_1.127;
T_1.113 ;
    %load/vec4 v0x562e3bd48260_0;
    %dup/vec4;
    %pushi/vec4 0, 0, 2;
    %cmp/u;
    %jmp/1 T_1.132, 6;
    %dup/vec4;
    %pushi/vec4 1, 0, 2;
    %cmp/u;
    %jmp/1 T_1.133, 6;
    %pushi/vec4 4095, 0, 12;
    %assign/vec4 v0x562e3bd48340_0, 0;
    %jmp T_1.135;
T_1.132 ;
    %load/vec4 v0x562e3bd47d60_0;
    %load/vec4 v0x562e3bd47ba0_0;
    %pad/u 5;
    %ix/vec4 3;
    %ix/load 4, 0, 0; Constant delay
    %assign/vec4/a/d v0x562e3bd48420, 0, 4;
    %pushi/vec4 0, 0, 4;
    %assign/vec4 v0x562e3bd48870_0, 0;
    %jmp T_1.135;
T_1.133 ;
    %load/vec4 v0x562e3bd47d60_0;
    %ix/load 3, 5, 0;
    %flag_set/imm 4, 0;
    %ix/load 4, 0, 0; Constant delay
    %assign/vec4/a/d v0x562e3bd48420, 0, 4;
    %load/vec4 v0x562e3bd48340_0;
    %addi 1, 0, 12;
    %assign/vec4 v0x562e3bd48340_0, 0;
    %jmp T_1.135;
T_1.135 ;
    %pop/vec4 1;
    %jmp T_1.127;
T_1.114 ;
    %load/vec4 v0x562e3bd48260_0;
    %dup/vec4;
    %pushi/vec4 1, 0, 2;
    %cmp/u;
    %jmp/1 T_1.136, 6;
    %load/vec4 v0x562e3bd47a60_0;
    %load/vec4 v0x562e3bd47b00_0;
    %pad/u 5;
    %ix/vec4 3;
    %ix/load 4, 0, 0; Constant delay
    %assign/vec4/a/d v0x562e3bd48420, 0, 4;
    %jmp T_1.138;
T_1.136 ;
    %load/vec4 v0x562e3bd47a60_0;
    %load/vec4 v0x562e3bd47ba0_0;
    %pad/u 5;
    %ix/vec4 3;
    %ix/load 4, 0, 0; Constant delay
    %assign/vec4/a/d v0x562e3bd48420, 0, 4;
    %jmp T_1.138;
T_1.138 ;
    %pop/vec4 1;
    %load/vec4 v0x562e3bd47920_0;
    %ix/load 3, 3, 0;
    %flag_set/imm 4, 0;
    %ix/load 4, 0, 0; Constant delay
    %assign/vec4/a/d v0x562e3bd48420, 0, 4;
    %pushi/vec4 0, 0, 4;
    %assign/vec4 v0x562e3bd48870_0, 0;
    %jmp T_1.127;
T_1.115 ;
    %load/vec4 v0x562e3bd47a60_0;
    %load/vec4 v0x562e3bd47b00_0;
    %pad/u 5;
    %ix/vec4 3;
    %ix/load 4, 0, 0; Constant delay
    %assign/vec4/a/d v0x562e3bd48420, 0, 4;
    %load/vec4 v0x562e3bd47920_0;
    %ix/load 3, 3, 0;
    %flag_set/imm 4, 0;
    %ix/load 4, 0, 0; Constant delay
    %assign/vec4/a/d v0x562e3bd48420, 0, 4;
    %pushi/vec4 0, 0, 4;
    %assign/vec4 v0x562e3bd48870_0, 0;
    %jmp T_1.127;
T_1.116 ;
    %load/vec4 v0x562e3bd48260_0;
    %dup/vec4;
    %pushi/vec4 0, 0, 2;
    %cmp/u;
    %jmp/1 T_1.139, 6;
    %load/vec4 v0x562e3bd47a60_0;
    %load/vec4 v0x562e3bd47ba0_0;
    %pad/u 5;
    %ix/vec4 3;
    %ix/load 4, 0, 0; Constant delay
    %assign/vec4/a/d v0x562e3bd48420, 0, 4;
    %jmp T_1.141;
T_1.139 ;
    %load/vec4 v0x562e3bd47a60_0;
    %load/vec4 v0x562e3bd47b00_0;
    %pad/u 5;
    %ix/vec4 3;
    %ix/load 4, 0, 0; Constant delay
    %assign/vec4/a/d v0x562e3bd48420, 0, 4;
    %jmp T_1.141;
T_1.141 ;
    %pop/vec4 1;
    %load/vec4 v0x562e3bd47920_0;
    %ix/load 3, 3, 0;
    %flag_set/imm 4, 0;
    %ix/load 4, 0, 0; Constant delay
    %assign/vec4/a/d v0x562e3bd48420, 0, 4;
    %pushi/vec4 0, 0, 4;
    %assign/vec4 v0x562e3bd48870_0, 0;
    %jmp T_1.127;
T_1.117 ;
    %load/vec4 v0x562e3bd48260_0;
    %dup/vec4;
    %pushi/vec4 0, 0, 2;
    %cmp/u;
    %jmp/1 T_1.142, 6;
    %load/vec4 v0x562e3bd47a60_0;
    %load/vec4 v0x562e3bd47ba0_0;
    %pad/u 5;
    %ix/vec4 3;
    %ix/load 4, 0, 0; Constant delay
    %assign/vec4/a/d v0x562e3bd48420, 0, 4;
    %jmp T_1.144;
T_1.142 ;
    %load/vec4 v0x562e3bd47a60_0;
    %load/vec4 v0x562e3bd47b00_0;
    %pad/u 5;
    %ix/vec4 3;
    %ix/load 4, 0, 0; Constant delay
    %assign/vec4/a/d v0x562e3bd48420, 0, 4;
    %jmp T_1.144;
T_1.144 ;
    %pop/vec4 1;
    %load/vec4 v0x562e3bd47920_0;
    %ix/load 3, 3, 0;
    %flag_set/imm 4, 0;
    %ix/load 4, 0, 0; Constant delay
    %assign/vec4/a/d v0x562e3bd48420, 0, 4;
    %pushi/vec4 0, 0, 4;
    %assign/vec4 v0x562e3bd48870_0, 0;
    %jmp T_1.127;
T_1.118 ;
    %load/vec4 v0x562e3bd47a60_0;
    %load/vec4 v0x562e3bd47ba0_0;
    %pad/u 5;
    %ix/vec4 3;
    %ix/load 4, 0, 0; Constant delay
    %assign/vec4/a/d v0x562e3bd48420, 0, 4;
    %pushi/vec4 0, 0, 4;
    %assign/vec4 v0x562e3bd48870_0, 0;
    %jmp T_1.127;
T_1.119 ;
    %load/vec4 v0x562e3bd48260_0;
    %dup/vec4;
    %pushi/vec4 0, 0, 2;
    %cmp/u;
    %jmp/1 T_1.145, 6;
    %dup/vec4;
    %pushi/vec4 3, 0, 2;
    %cmp/u;
    %jmp/1 T_1.146, 6;
    %load/vec4 v0x562e3bd47a60_0;
    %load/vec4 v0x562e3bd47ba0_0;
    %pad/u 5;
    %ix/vec4 3;
    %ix/load 4, 0, 0; Constant delay
    %assign/vec4/a/d v0x562e3bd48420, 0, 4;
    %jmp T_1.148;
T_1.145 ;
    %load/vec4 v0x562e3bd47a60_0;
    %load/vec4 v0x562e3bd47b00_0;
    %pad/u 5;
    %ix/vec4 3;
    %ix/load 4, 0, 0; Constant delay
    %assign/vec4/a/d v0x562e3bd48420, 0, 4;
    %jmp T_1.148;
T_1.146 ;
    %load/vec4 v0x562e3bd47a60_0;
    %load/vec4 v0x562e3bd47b00_0;
    %pad/u 5;
    %ix/vec4 3;
    %ix/load 4, 0, 0; Constant delay
    %assign/vec4/a/d v0x562e3bd48420, 0, 4;
    %jmp T_1.148;
T_1.148 ;
    %pop/vec4 1;
    %load/vec4 v0x562e3bd47920_0;
    %ix/load 3, 3, 0;
    %flag_set/imm 4, 0;
    %ix/load 4, 0, 0; Constant delay
    %assign/vec4/a/d v0x562e3bd48420, 0, 4;
    %pushi/vec4 0, 0, 4;
    %assign/vec4 v0x562e3bd48870_0, 0;
    %jmp T_1.127;
T_1.120 ;
    %load/vec4 v0x562e3bd48260_0;
    %dup/vec4;
    %pushi/vec4 0, 0, 2;
    %cmp/u;
    %jmp/1 T_1.149, 6;
    %dup/vec4;
    %pushi/vec4 3, 0, 2;
    %cmp/u;
    %jmp/1 T_1.150, 6;
    %load/vec4 v0x562e3bd47a60_0;
    %load/vec4 v0x562e3bd47ba0_0;
    %pad/u 5;
    %ix/vec4 3;
    %ix/load 4, 0, 0; Constant delay
    %assign/vec4/a/d v0x562e3bd48420, 0, 4;
    %jmp T_1.152;
T_1.149 ;
    %load/vec4 v0x562e3bd47a60_0;
    %load/vec4 v0x562e3bd47b00_0;
    %pad/u 5;
    %ix/vec4 3;
    %ix/load 4, 0, 0; Constant delay
    %assign/vec4/a/d v0x562e3bd48420, 0, 4;
    %jmp T_1.152;
T_1.150 ;
    %load/vec4 v0x562e3bd47a60_0;
    %load/vec4 v0x562e3bd47b00_0;
    %pad/u 5;
    %ix/vec4 3;
    %ix/load 4, 0, 0; Constant delay
    %assign/vec4/a/d v0x562e3bd48420, 0, 4;
    %jmp T_1.152;
T_1.152 ;
    %pop/vec4 1;
    %load/vec4 v0x562e3bd47920_0;
    %ix/load 3, 3, 0;
    %flag_set/imm 4, 0;
    %ix/load 4, 0, 0; Constant delay
    %assign/vec4/a/d v0x562e3bd48420, 0, 4;
    %pushi/vec4 0, 0, 4;
    %assign/vec4 v0x562e3bd48870_0, 0;
    %jmp T_1.127;
T_1.121 ;
    %load/vec4 v0x562e3bd48260_0;
    %dup/vec4;
    %pushi/vec4 0, 0, 2;
    %cmp/u;
    %jmp/1 T_1.153, 6;
    %load/vec4 v0x562e3bd47a60_0;
    %load/vec4 v0x562e3bd47ba0_0;
    %pad/u 5;
    %ix/vec4 3;
    %ix/load 4, 0, 0; Constant delay
    %assign/vec4/a/d v0x562e3bd48420, 0, 4;
    %jmp T_1.155;
T_1.153 ;
    %load/vec4 v0x562e3bd47a60_0;
    %load/vec4 v0x562e3bd47b00_0;
    %pad/u 5;
    %ix/vec4 3;
    %ix/load 4, 0, 0; Constant delay
    %assign/vec4/a/d v0x562e3bd48420, 0, 4;
    %jmp T_1.155;
T_1.155 ;
    %pop/vec4 1;
    %pushi/vec4 0, 0, 4;
    %assign/vec4 v0x562e3bd48870_0, 0;
    %jmp T_1.127;
T_1.122 ;
    %load/vec4 v0x562e3bd47d60_0;
    %ix/load 3, 5, 0;
    %flag_set/imm 4, 0;
    %ix/load 4, 0, 0; Constant delay
    %assign/vec4/a/d v0x562e3bd48420, 0, 4;
    %load/vec4 v0x562e3bd48340_0;
    %addi 1, 0, 12;
    %assign/vec4 v0x562e3bd48340_0, 0;
    %jmp T_1.127;
T_1.123 ;
    %load/vec4 v0x562e3bd47d60_0;
    %ix/load 3, 5, 0;
    %flag_set/imm 4, 0;
    %ix/load 4, 0, 0; Constant delay
    %assign/vec4/a/d v0x562e3bd48420, 0, 4;
    %load/vec4 v0x562e3bd48340_0;
    %addi 1, 0, 12;
    %assign/vec4 v0x562e3bd48340_0, 0;
    %jmp T_1.127;
T_1.124 ;
    %load/vec4 v0x562e3bd47d60_0;
    %ix/load 3, 5, 0;
    %flag_set/imm 4, 0;
    %ix/load 4, 0, 0; Constant delay
    %assign/vec4/a/d v0x562e3bd48420, 0, 4;
    %load/vec4 v0x562e3bd48340_0;
    %addi 1, 0, 12;
    %assign/vec4 v0x562e3bd48340_0, 0;
    %jmp T_1.127;
T_1.125 ;
    %load/vec4 v0x562e3bd47d60_0;
    %ix/load 3, 5, 0;
    %flag_set/imm 4, 0;
    %ix/load 4, 0, 0; Constant delay
    %assign/vec4/a/d v0x562e3bd48420, 0, 4;
    %load/vec4 v0x562e3bd48340_0;
    %addi 1, 0, 12;
    %assign/vec4 v0x562e3bd48340_0, 0;
    %jmp T_1.127;
T_1.127 ;
    %pop/vec4 1;
    %jmp T_1.8;
T_1.5 ;
    %pushi/vec4 4, 0, 4;
    %assign/vec4 v0x562e3bd48870_0, 0;
    %load/vec4 v0x562e3bd48180_0;
    %dup/vec4;
    %pushi/vec4 1, 0, 4;
    %cmp/u;
    %jmp/1 T_1.156, 6;
    %dup/vec4;
    %pushi/vec4 2, 0, 4;
    %cmp/u;
    %jmp/1 T_1.157, 6;
    %dup/vec4;
    %pushi/vec4 11, 0, 4;
    %cmp/u;
    %jmp/1 T_1.158, 6;
    %dup/vec4;
    %pushi/vec4 12, 0, 4;
    %cmp/u;
    %jmp/1 T_1.159, 6;
    %dup/vec4;
    %pushi/vec4 13, 0, 4;
    %cmp/u;
    %jmp/1 T_1.160, 6;
    %dup/vec4;
    %pushi/vec4 14, 0, 4;
    %cmp/u;
    %jmp/1 T_1.161, 6;
    %pushi/vec4 4095, 0, 12;
    %assign/vec4 v0x562e3bd48340_0, 0;
    %jmp T_1.163;
T_1.156 ;
    %load/vec4 v0x562e3bd47d60_0;
    %ix/load 3, 6, 0;
    %flag_set/imm 4, 0;
    %ix/load 4, 0, 0; Constant delay
    %assign/vec4/a/d v0x562e3bd48420, 0, 4;
    %jmp T_1.163;
T_1.157 ;
    %load/vec4 v0x562e3bd47d60_0;
    %ix/load 3, 6, 0;
    %flag_set/imm 4, 0;
    %ix/load 4, 0, 0; Constant delay
    %assign/vec4/a/d v0x562e3bd48420, 0, 4;
    %jmp T_1.163;
T_1.158 ;
    %load/vec4 v0x562e3bd47d60_0;
    %ix/load 3, 6, 0;
    %flag_set/imm 4, 0;
    %ix/load 4, 0, 0; Constant delay
    %assign/vec4/a/d v0x562e3bd48420, 0, 4;
    %jmp T_1.163;
T_1.159 ;
    %load/vec4 v0x562e3bd47d60_0;
    %ix/load 3, 6, 0;
    %flag_set/imm 4, 0;
    %ix/load 4, 0, 0; Constant delay
    %assign/vec4/a/d v0x562e3bd48420, 0, 4;
    %jmp T_1.163;
T_1.160 ;
    %load/vec4 v0x562e3bd47d60_0;
    %ix/load 3, 6, 0;
    %flag_set/imm 4, 0;
    %ix/load 4, 0, 0; Constant delay
    %assign/vec4/a/d v0x562e3bd48420, 0, 4;
    %jmp T_1.163;
T_1.161 ;
    %load/vec4 v0x562e3bd47d60_0;
    %ix/load 3, 6, 0;
    %flag_set/imm 4, 0;
    %ix/load 4, 0, 0; Constant delay
    %assign/vec4/a/d v0x562e3bd48420, 0, 4;
    %jmp T_1.163;
T_1.163 ;
    %pop/vec4 1;
    %jmp T_1.8;
T_1.6 ;
    %pushi/vec4 5, 0, 4;
    %assign/vec4 v0x562e3bd48870_0, 0;
    %load/vec4 v0x562e3bd48180_0;
    %dup/vec4;
    %pushi/vec4 1, 0, 4;
    %cmp/u;
    %jmp/1 T_1.164, 6;
    %dup/vec4;
    %pushi/vec4 2, 0, 4;
    %cmp/u;
    %jmp/1 T_1.165, 6;
    %dup/vec4;
    %pushi/vec4 11, 0, 4;
    %cmp/u;
    %jmp/1 T_1.166, 6;
    %dup/vec4;
    %pushi/vec4 12, 0, 4;
    %cmp/u;
    %jmp/1 T_1.167, 6;
    %dup/vec4;
    %pushi/vec4 13, 0, 4;
    %cmp/u;
    %jmp/1 T_1.168, 6;
    %dup/vec4;
    %pushi/vec4 14, 0, 4;
    %cmp/u;
    %jmp/1 T_1.169, 6;
    %pushi/vec4 0, 0, 4;
    %assign/vec4 v0x562e3bd48870_0, 0;
    %jmp T_1.171;
T_1.164 ;
    %pushi/vec4 1, 0, 1;
    %assign/vec4 v0x562e3bd47f20_0, 0;
    %ix/load 4, 6, 0;
    %flag_set/imm 4, 0;
    %load/vec4a v0x562e3bd48420, 4;
    %ix/load 4, 5, 0;
    %flag_set/imm 4, 0;
    %load/vec4a v0x562e3bd48420, 4;
    %concat/vec4; draw_concat_vec4
    %ix/load 4, 4, 0;
    %flag_set/imm 4, 0;
    %load/vec4a v0x562e3bd48420, 4;
    %concat/vec4; draw_concat_vec4
    %assign/vec4 v0x562e3bd47c80_0, 0;
    %jmp T_1.171;
T_1.165 ;
    %ix/load 4, 6, 0;
    %flag_set/imm 4, 0;
    %load/vec4a v0x562e3bd48420, 4;
    %ix/load 4, 5, 0;
    %flag_set/imm 4, 0;
    %load/vec4a v0x562e3bd48420, 4;
    %concat/vec4; draw_concat_vec4
    %ix/load 4, 4, 0;
    %flag_set/imm 4, 0;
    %load/vec4a v0x562e3bd48420, 4;
    %concat/vec4; draw_concat_vec4
    %assign/vec4 v0x562e3bd47c80_0, 0;
    %jmp T_1.171;
T_1.166 ;
    %ix/load 4, 6, 0;
    %flag_set/imm 4, 0;
    %load/vec4a v0x562e3bd48420, 4;
    %ix/load 4, 5, 0;
    %flag_set/imm 4, 0;
    %load/vec4a v0x562e3bd48420, 4;
    %concat/vec4; draw_concat_vec4
    %ix/load 4, 4, 0;
    %flag_set/imm 4, 0;
    %load/vec4a v0x562e3bd48420, 4;
    %concat/vec4; draw_concat_vec4
    %assign/vec4 v0x562e3bd48340_0, 0;
    %pushi/vec4 0, 0, 4;
    %assign/vec4 v0x562e3bd48870_0, 0;
    %jmp T_1.171;
T_1.167 ;
    %ix/load 4, 6, 0;
    %flag_set/imm 4, 0;
    %load/vec4a v0x562e3bd48420, 4;
    %ix/load 4, 5, 0;
    %flag_set/imm 4, 0;
    %load/vec4a v0x562e3bd48420, 4;
    %concat/vec4; draw_concat_vec4
    %ix/load 4, 4, 0;
    %flag_set/imm 4, 0;
    %load/vec4a v0x562e3bd48420, 4;
    %concat/vec4; draw_concat_vec4
    %assign/vec4 v0x562e3bd48340_0, 0;
    %pushi/vec4 0, 0, 4;
    %assign/vec4 v0x562e3bd48870_0, 0;
    %jmp T_1.171;
T_1.168 ;
    %ix/load 4, 6, 0;
    %flag_set/imm 4, 0;
    %load/vec4a v0x562e3bd48420, 4;
    %ix/load 4, 5, 0;
    %flag_set/imm 4, 0;
    %load/vec4a v0x562e3bd48420, 4;
    %concat/vec4; draw_concat_vec4
    %ix/load 4, 4, 0;
    %flag_set/imm 4, 0;
    %load/vec4a v0x562e3bd48420, 4;
    %concat/vec4; draw_concat_vec4
    %assign/vec4 v0x562e3bd48340_0, 0;
    %pushi/vec4 0, 0, 4;
    %assign/vec4 v0x562e3bd48870_0, 0;
    %jmp T_1.171;
T_1.169 ;
    %ix/load 4, 6, 0;
    %flag_set/imm 4, 0;
    %load/vec4a v0x562e3bd48420, 4;
    %ix/load 4, 5, 0;
    %flag_set/imm 4, 0;
    %load/vec4a v0x562e3bd48420, 4;
    %concat/vec4; draw_concat_vec4
    %ix/load 4, 4, 0;
    %flag_set/imm 4, 0;
    %load/vec4a v0x562e3bd48420, 4;
    %concat/vec4; draw_concat_vec4
    %assign/vec4 v0x562e3bd48340_0, 0;
    %pushi/vec4 0, 0, 4;
    %assign/vec4 v0x562e3bd48870_0, 0;
    %jmp T_1.171;
T_1.171 ;
    %pop/vec4 1;
    %jmp T_1.8;
T_1.7 ;
    %pushi/vec4 0, 0, 4;
    %assign/vec4 v0x562e3bd48870_0, 0;
    %load/vec4 v0x562e3bd48180_0;
    %dup/vec4;
    %pushi/vec4 1, 0, 4;
    %cmp/u;
    %jmp/1 T_1.172, 6;
    %dup/vec4;
    %pushi/vec4 2, 0, 4;
    %cmp/u;
    %jmp/1 T_1.173, 6;
    %pushi/vec4 4095, 0, 12;
    %store/vec4 v0x562e3bd48340_0, 0, 12;
    %jmp T_1.175;
T_1.172 ;
    %load/vec4 v0x562e3bd47ba0_0;
    %pad/u 5;
    %ix/vec4 4;
    %load/vec4a v0x562e3bd48420, 4;
    %assign/vec4 v0x562e3bd47e40_0, 0;
    %jmp T_1.175;
T_1.173 ;
    %load/vec4 v0x562e3bd47d60_0;
    %load/vec4 v0x562e3bd47ba0_0;
    %pad/u 5;
    %ix/vec4 3;
    %ix/load 4, 0, 0; Constant delay
    %assign/vec4/a/d v0x562e3bd48420, 0, 4;
    %jmp T_1.175;
T_1.175 ;
    %pop/vec4 1;
    %jmp T_1.8;
T_1.8 ;
    %pop/vec4 1;
T_1.1 ;
    %jmp T_1;
    .thread T_1;
# The file index is used to find the file name in the following table.
:file_names 4;
    "N/A";
    "<interactive>";
    "CPU.v";
    "./ALU.v";
